<?xml version="1.0" encoding="UTF-8"?>
<!-- Generated by org.testng.reporters.JUnitReportReporter -->
<testsuite hostname="LTIN165463" failures="0" tests="5" name="testCase.TestCase" time="25.476" errors="0" timestamp="2024-02-28T15:23:01 IST" skipped="0">
  <testcase classname="testCase.TestCase" name="search_functionality" time="9.283"/>
  <testcase classname="testCase.TestCase" name="filter_functionality" time="5.006"/>
  <testcase classname="testCase.TestCase" name="check_sortfuction" time="1.532"/>
  <testcase classname="testCase.TestCase" name="check_and_print" time="1.252"/>
  <testcase classname="testCase.TestCase" name="submenu_printcheck" time="8.403"/>
</testsuite> <!-- testCase.TestCase -->
