<?xml version="1.0" encoding="UTF-8"?>
<!-- Generated by org.testng.reporters.JUnitReportReporter -->
<testsuite hostname="LTIN165463" failures="0" tests="2" name="testCase.TestCase3" time="19.764" errors="0" timestamp="2024-02-28T15:23:01 IST" skipped="0">
  <testcase classname="testCase.TestCase3" name="choose_giftcard_validate" time="18.296"/>
  <testcase classname="testCase.TestCase3" name="checkout_validation" time="1.468"/>
</testsuite> <!-- testCase.TestCase3 -->
