<?xml version="1.0" encoding="UTF-8"?>
<!-- Generated by org.testng.reporters.JUnitReportReporter -->
<testsuite hostname="LTIN165463" failures="0" tests="1" name="testCase.TestCase2" time="8.342" errors="0" timestamp="2024-02-28T15:23:01 IST" skipped="0">
  <testcase classname="testCase.TestCase2" name="submenu_printcheck" time="8.342"/>
</testsuite> <!-- testCase.TestCase2 -->
