<?xml version="1.0" encoding="UTF-8"?>
<!-- Generated by org.testng.reporters.JUnitReportReporter -->
<testsuite hostname="LTIN165463" failures="0" tests="7" name="testCase.TestCase" time="93.013" errors="0" timestamp="2024-02-27T17:38:12 IST" skipped="0">
  <testcase classname="testCase.TestCase" name="search_functionality" time="43.870"/>
  <testcase classname="testCase.TestCase" name="filter_functionality" time="6.074"/>
  <testcase classname="testCase.TestCase" name="check_sortfuction" time="4.615"/>
  <testcase classname="testCase.TestCase" name="check_and_print" time="3.003"/>
  <testcase classname="testCase.TestCase" name="submenu_printcheck" time="10.263"/>
  <testcase classname="testCase.TestCase" name="choose_giftcard_validate" time="21.532"/>
  <testcase classname="testCase.TestCase" name="checkout_validation" time="3.656"/>
</testsuite> <!-- testCase.TestCase -->
